0 info it worked if it ends with ok
1 verbose cli [ '/usr/local/bin/iojs', '/usr/local/bin/npm', 'publish' ]
2 info using npm@2.13.2
3 info using node@v2.5.0
4 verbose publish [ '.' ]
5 silly cache add args [ '.', null ]
6 verbose cache add spec .
7 silly cache add parsed spec { raw: '.',
7 silly cache add   scope: null,
7 silly cache add   name: null,
7 silly cache add   rawSpec: '.',
7 silly cache add   spec: '/Users/scotty/Develop/Utilities/io',
7 silly cache add   type: 'directory' }
8 verbose addLocalDirectory /Users/scotty/.npm/io/0.5.1/package.tgz not in flight; packing
9 verbose tar pack [ '/Users/scotty/.npm/io/0.5.1/package.tgz',
9 verbose tar pack   '/Users/scotty/Develop/Utilities/io' ]
10 verbose tarball /Users/scotty/.npm/io/0.5.1/package.tgz
11 verbose folder /Users/scotty/Develop/Utilities/io
12 info prepublish io@0.5.1
13 verbose addLocalTarball adding from inside cache /Users/scotty/.npm/io/0.5.1/package.tgz
14 silly cache afterAdd io@0.5.1
15 verbose afterAdd /Users/scotty/.npm/io/0.5.1/package/package.json not in flight; writing
16 verbose afterAdd /Users/scotty/.npm/io/0.5.1/package/package.json written
17 silly publish { name: 'io',
17 silly publish   version: '0.5.1',
17 silly publish   description: 'A tool for Meteor to facilitate development',
17 silly publish   homepage: 'https://github.com/scottmcpherson/meteor-io',
17 silly publish   bugs:
17 silly publish    { url: 'https://github.com/scottmcpherson/meteor-io/issues',
17 silly publish      email: 'scott_fl@me.com' },
17 silly publish   scripts: { test: 'echo "Error: no test specified" && exit 1' },
17 silly publish   author: { name: 'Scott McPherson' },
17 silly publish   license: 'ISC',
17 silly publish   bin: { io: './bin/io' },
17 silly publish   dependencies:
17 silly publish    { handlebars: '3.0.3',
17 silly publish      underscore: '1.8.3',
17 silly publish      minimist: '1.1.2',
17 silly publish      'require-dir': '0.3.0',
17 silly publish      'fs-extra': '0.22.1',
17 silly publish      'cli-color': '1.0.0',
17 silly publish      'single-line-log': '1.0.0',
17 silly publish      dotenv: '1.2.0',
17 silly publish      'cli-table': '0.3.1' },
17 silly publish   gitHead: 'd1563642d1eb1ccb91ddcb251150ae92ef839329',
17 silly publish   readme: 'ERROR: No README data found!',
17 silly publish   _id: 'io@0.5.1',
17 silly publish   _shasum: '5eef51c577e93e3c36e4c9aa12cbb5ff1d4edeab',
17 silly publish   _from: '.' }
18 verbose getPublishConfig undefined
19 silly mapToRegistry name io
20 silly mapToRegistry using default registry
21 silly mapToRegistry registry https://registry.npmjs.org/
22 silly mapToRegistry uri https://registry.npmjs.org/io
23 verbose publish registryBase https://registry.npmjs.org/
24 silly publish uploading /Users/scotty/.npm/io/0.5.1/package.tgz
25 verbose request uri https://registry.npmjs.org/io
26 verbose request sending authorization for write operation
27 info attempt registry request try #1 at 09:10:20
28 verbose request using bearer token for auth
29 verbose request id eefd8efad237e9f3
30 http request PUT https://registry.npmjs.org/io
31 http 403 https://registry.npmjs.org/io
32 verbose headers { 'content-type': 'application/json',
32 verbose headers   'cache-control': 'max-age=60',
32 verbose headers   'content-length': '94',
32 verbose headers   'accept-ranges': 'bytes',
32 verbose headers   date: 'Wed, 26 Aug 2015 16:10:21 GMT',
32 verbose headers   via: '1.1 varnish',
32 verbose headers   connection: 'keep-alive',
32 verbose headers   'x-served-by': 'cache-iad2135-IAD',
32 verbose headers   'x-cache': 'MISS',
32 verbose headers   'x-cache-hits': '0',
32 verbose headers   'x-timer': 'S1440605420.806197,VS0,VE532' }
33 verbose request invalidating /Users/scotty/.npm/registry.npmjs.org/io on PUT
34 error publish Failed PUT 403
35 verbose stack Error: You do not have permission to publish 'io'. Are you logged in as the correct user? : io
35 verbose stack     at CachingRegistryClient.<anonymous> (/usr/local/lib/node_modules/npm/node_modules/npm-registry-client/lib/request.js:247:14)
35 verbose stack     at Request._callback (/usr/local/lib/node_modules/npm/node_modules/npm-registry-client/lib/request.js:170:14)
35 verbose stack     at Request.self.callback (/usr/local/lib/node_modules/npm/node_modules/request/request.js:197:22)
35 verbose stack     at emitTwo (events.js:87:13)
35 verbose stack     at Request.emit (events.js:172:7)
35 verbose stack     at Request.<anonymous> (/usr/local/lib/node_modules/npm/node_modules/request/request.js:1050:14)
35 verbose stack     at emitOne (events.js:82:20)
35 verbose stack     at Request.emit (events.js:169:7)
35 verbose stack     at IncomingMessage.<anonymous> (/usr/local/lib/node_modules/npm/node_modules/request/request.js:996:12)
35 verbose stack     at emitNone (events.js:72:20)
36 verbose statusCode 403
37 verbose pkgid io
38 verbose cwd /Users/scotty/Develop/Utilities/io
39 error Darwin 14.5.0
40 error argv "/usr/local/bin/iojs" "/usr/local/bin/npm" "publish"
41 error node v2.5.0
42 error npm  v2.13.2
43 error code E403
44 error You do not have permission to publish 'io'. Are you logged in as the correct user? : io
45 error If you need help, you may report this error at:
45 error     <https://github.com/npm/npm/issues>
46 verbose exit [ 1, true ]
